# JRE version: OpenJDK Runtime Environment (8.0_152-b01) (build 1.8.0_152-release-1248-b01)
# Java VM: OpenJDK 64-Bit Server VM (25.152-b01 mixed mode windows-amd64 compressed oops)
Heap:
 PSYoungGen      total 421376K, used 271975K [0x00000000e0000000, 0x00000000ffd00000, 0x0000000100000000)
  eden space 416768K, 64% used [0x00000000e0000000,0x00000000f0578758,0x00000000f9700000)
  from space 4608K, 91% used [0x00000000f9700000,0x00000000f9b216d0,0x00000000f9b80000)
  to   space 52224K, 0% used [0x00000000fca00000,0x00000000fca00000,0x00000000ffd00000)
 ParOldGen       total 203776K, used 66804K [0x00000000a0000000, 0x00000000ac700000, 0x00000000e0000000)
  object space 203776K, 32% used [0x00000000a0000000,0x00000000a413d310,0x00000000ac700000)
 Metaspace       used 88625K, capacity 92078K, committed 92288K, reserved 1130496K
  class space    used 11326K, capacity 12047K, committed 12160K, reserved 1048576K
GC Heap History (10 events):
Event: 81.607 GC heap before
{Heap before GC invocations=24 (full 4):
 PSYoungGen      total 403456K, used 27127K [0x00000000e0000000, 0x00000000fda80000, 0x0000000100000000)
  eden space 376320K, 0% used [0x00000000e0000000,0x00000000e0000000,0x00000000f6f80000)
  from space 27136K, 99% used [0x00000000f9e00000,0x00000000fb87dee0,0x00000000fb880000)
  to   space 47616K, 0% used [0x00000000f6f80000,0x00000000f6f80000,0x00000000f9e00000)
 ParOldGen       total 106496K, used 96992K [0x00000000a0000000, 0x00000000a6800000, 0x00000000e0000000)
  object space 106496K, 91% used [0x00000000a0000000,0x00000000a5eb8200,0x00000000a6800000)
 Metaspace       used 83198K, capacity 86502K, committed 86656K, reserved 1124352K
  class space    used 10849K, capacity 11521K, committed 11648K, reserved 1048576K
Event: 82.223 GC heap after
Heap after GC invocations=24 (full 4):
 PSYoungGen      total 403456K, used 14681K [0x00000000e0000000, 0x00000000fda80000, 0x0000000100000000)
  eden space 376320K, 0% used [0x00000000e0000000,0x00000000e0000000,0x00000000f6f80000)
  from space 27136K, 54% used [0x00000000f9e00000,0x00000000fac56738,0x00000000fb880000)
  to   space 47616K, 0% used [0x00000000f6f80000,0x00000000f6f80000,0x00000000f9e00000)
 ParOldGen       total 211456K, used 106283K [0x00000000a0000000, 0x00000000ace80000, 0x00000000e0000000)
  object space 211456K, 50% used [0x00000000a0000000,0x00000000a67cada0,0x00000000ace80000)
 Metaspace       used 83005K, capacity 85968K, committed 86656K, reserved 1124352K
  class space    used 10784K, capacity 11408K, committed 11648K, reserved 1048576K
}
Event: 85.254 GC heap before
{Heap before GC invocations=25 (full 4):
 PSYoungGen      total 403456K, used 390780K [0x00000000e0000000, 0x00000000fda80000, 0x0000000100000000)
  eden space 376320K, 99% used [0x00000000e0000000,0x00000000f6f48ca8,0x00000000f6f80000)
  from space 27136K, 54% used [0x00000000f9e00000,0x00000000fac56738,0x00000000fb880000)
  to   space 47616K, 0% used [0x00000000f6f80000,0x00000000f6f80000,0x00000000f9e00000)
 ParOldGen       total 211456K, used 106283K [0x00000000a0000000, 0x00000000ace80000, 0x00000000e0000000)
  object space 211456K, 50% used [0x00000000a0000000,0x00000000a67cada0,0x00000000ace80000)
 Metaspace       used 83024K, capacity 86050K, committed 86912K, reserved 1124352K
  class space    used 10786K, capacity 11413K, committed 11648K, reserved 1048576K
Event: 85.304 GC heap after
Heap after GC invocations=25 (full 4):
 PSYoungGen      total 423936K, used 43597K [0x00000000e0000000, 0x0000000100000000, 0x0000000100000000)
  eden space 376320K, 0% used [0x00000000e0000000,0x00000000e0000000,0x00000000f6f80000)
  from space 47616K, 91% used [0x00000000f6f80000,0x00000000f9a135e8,0x00000000f9e00000)
  to   space 54272K, 0% used [0x00000000fcb00000,0x00000000fcb00000,0x0000000100000000)
 ParOldGen       total 211456K, used 141893K [0x00000000a0000000, 0x00000000ace80000, 0x00000000e0000000)
  object space 211456K, 67% used [0x00000000a0000000,0x00000000a8a91658,0x00000000ace80000)
 Metaspace       used 83024K, capacity 86050K, committed 86912K, reserved 1124352K
  class space    used 10786K, capacity 11413K, committed 11648K, reserved 1048576K
}
Event: 259.977 GC heap before
{Heap before GC invocations=26 (full 4):
 PSYoungGen      total 423936K, used 419917K [0x00000000e0000000, 0x0000000100000000, 0x0000000100000000)
  eden space 376320K, 100% used [0x00000000e0000000,0x00000000f6f80000,0x00000000f6f80000)
  from space 47616K, 91% used [0x00000000f6f80000,0x00000000f9a135e8,0x00000000f9e00000)
  to   space 54272K, 0% used [0x00000000fcb00000,0x00000000fcb00000,0x0000000100000000)
 ParOldGen       total 211456K, used 141893K [0x00000000a0000000, 0x00000000ace80000, 0x00000000e0000000)
  object space 211456K, 67% used [0x00000000a0000000,0x00000000a8a91658,0x00000000ace80000)
 Metaspace       used 87869K, capacity 91232K, committed 91520K, reserved 1128448K
  class space    used 11308K, capacity 12028K, committed 12160K, reserved 1048576K
Event: 260.051 GC heap after
Heap after GC invocations=26 (full 4):
 PSYoungGen      total 471040K, used 6296K [0x00000000e0000000, 0x0000000100000000, 0x0000000100000000)
  eden space 416768K, 0% used [0x00000000e0000000,0x00000000e0000000,0x00000000f9700000)
  from space 54272K, 11% used [0x00000000fcb00000,0x00000000fd126358,0x0000000100000000)
  to   space 53248K, 0% used [0x00000000f9700000,0x00000000f9700000,0x00000000fcb00000)
 ParOldGen       total 211456K, used 185077K [0x00000000a0000000, 0x00000000ace80000, 0x00000000e0000000)
  object space 211456K, 87% used [0x00000000a0000000,0x00000000ab4bd4e0,0x00000000ace80000)
 Metaspace       used 87869K, capacity 91232K, committed 91520K, reserved 1128448K
  class space    used 11308K, capacity 12028K, committed 12160K, reserved 1048576K
}
Event: 260.051 GC heap before
{Heap before GC invocations=27 (full 5):
 PSYoungGen      total 471040K, used 6296K [0x00000000e0000000, 0x0000000100000000, 0x0000000100000000)
  eden space 416768K, 0% used [0x00000000e0000000,0x00000000e0000000,0x00000000f9700000)
  from space 54272K, 11% used [0x00000000fcb00000,0x00000000fd126358,0x0000000100000000)
  to   space 53248K, 0% used [0x00000000f9700000,0x00000000f9700000,0x00000000fcb00000)
 ParOldGen       total 211456K, used 185077K [0x00000000a0000000, 0x00000000ace80000, 0x00000000e0000000)
  object space 211456K, 87% used [0x00000000a0000000,0x00000000ab4bd4e0,0x00000000ace80000)
 Metaspace       used 87869K, capacity 91232K, committed 91520K, reserved 1128448K
  class space    used 11308K, capacity 12028K, committed 12160K, reserved 1048576K
Event: 260.336 GC heap after
Heap after GC invocations=27 (full 5):
 PSYoungGen      total 471040K, used 0K [0x00000000e0000000, 0x0000000100000000, 0x0000000100000000)
  eden space 416768K, 0% used [0x00000000e0000000,0x00000000e0000000,0x00000000f9700000)
  from space 54272K, 0% used [0x00000000fcb00000,0x00000000fcb00000,0x0000000100000000)
  to   space 53248K, 0% used [0x00000000f9700000,0x00000000f9700000,0x00000000fcb00000)
 ParOldGen       total 203776K, used 66796K [0x00000000a0000000, 0x00000000ac700000, 0x00000000e0000000)
  object space 203776K, 32% used [0x00000000a0000000,0x00000000a413b310,0x00000000ac700000)
 Metaspace       used 87869K, capacity 91232K, committed 91520K, reserved 1128448K
  class space    used 11308K, capacity 12028K, committed 12160K, reserved 1048576K
}
Event: 269.349 GC heap before
{Heap before GC invocations=28 (full 5):
 PSYoungGen      total 471040K, used 416102K [0x00000000e0000000, 0x0000000100000000, 0x0000000100000000)
  eden space 416768K, 99% used [0x00000000e0000000,0x00000000f9659a30,0x00000000f9700000)
  from space 54272K, 0% used [0x00000000fcb00000,0x00000000fcb00000,0x0000000100000000)
  to   space 53248K, 0% used [0x00000000f9700000,0x00000000f9700000,0x00000000fcb00000)
 ParOldGen       total 203776K, used 66796K [0x00000000a0000000, 0x00000000ac700000, 0x00000000e0000000)
  object space 203776K, 32% used [0x00000000a0000000,0x00000000a413b310,0x00000000ac700000)
 Metaspace       used 88270K, capacity 91700K, committed 92032K, reserved 1128448K
  class space    used 11321K, capacity 12040K, committed 12160K, reserved 1048576K
Event: 269.392 GC heap after
Heap after GC invocations=28 (full 5):
 PSYoungGen      total 421376K, used 4229K [0x00000000e0000000, 0x00000000ffd00000, 0x0000000100000000)
  eden space 416768K, 0% used [0x00000000e0000000,0x00000000e0000000,0x00000000f9700000)
  from space 4608K, 91% used [0x00000000f9700000,0x00000000f9b216d0,0x00000000f9b80000)
  to   space 52224K, 0% used [0x00000000fca00000,0x00000000fca00000,0x00000000ffd00000)
 ParOldGen       total 203776K, used 66804K [0x00000000a0000000, 0x00000000ac700000, 0x00000000e0000000)
  object space 203776K, 32% used [0x00000000a0000000,0x00000000a413d310,0x00000000ac700000)
 Metaspace       used 88270K, capacity 91700K, committed 92032K, reserved 1128448K
  class space    used 11321K, capacity 12040K, committed 12160K, reserved 1048576K
}

